<?xml version="1.0" encoding="UTF-8"?>
<testsuite xmlns:xsi="http://www.w3.org/2001/XMLSchema-instance" xsi:noNamespaceSchemaLocation="https://maven.apache.org/surefire/maven-surefire-plugin/xsd/surefire-test-report-3.0.xsd" version="3.0" name="Parallel.ParallelRun" time="42.549" tests="11" errors="0" skipped="0" failures="3">
  <properties>
[...]
</properties>
  <testcase name="runScenario[&quot;Accounts page title&quot;, &quot;Account Page Feature&quot;](1)" classname="Parallel.ParallelRun" time="6.73">
    <failure message="no such element: Unable to locate element: {&quot;method&quot;:&quot;css selector&quot;,&quot;selector&quot;:&quot;#email&quot;}&#10;  (Session info: chrome=107.0.5304.87)&#10;For documentation on this error, please visit: https://selenium.dev/exceptions/#no_such_element&#10;Build info: version: &apos;4.4.0&apos;, revision: &apos;e5c75ed026a&apos;&#10;System info: host: &apos;SAKIF&apos;, ip: &apos;192.168.1.213&apos;, os.name: &apos;Windows 11&apos;, os.arch: &apos;amd64&apos;, os.version: &apos;10.0&apos;, java.version: &apos;17.0.4.1&apos;&#10;Driver info: org.openqa.selenium.chrome.ChromeDriver&#10;Command: [3ceb6cad5cae96021ca6b8471c6935a1, findElement {using=id, value=email}]&#10;Capabilities {acceptInsecureCerts: false, browserName: chrome, browserVersion: 107.0.5304.87, chrome: {chromedriverVersion: 107.0.5304.62 (1eec40d3a576..., userDataDir: C:\Users\arnob\AppData\Loca...}, goog:chromeOptions: {debuggerAddress: localhost:60706}, networkConnectionEnabled: false, pageLoadStrategy: normal, platformName: WINDOWS, proxy: Proxy(), se:cdp: ws://localhost:60706/devtoo..., se:cdpVersion: 107.0.5304.87, setWindowRect: true, strictFileInteractability: false, timeouts: {implicit: 0, pageLoad: 300000, script: 30000}, unhandledPromptBehavior: dismiss and notify, webauthn:extension:credBlob: true, webauthn:extension:largeBlob: true, webauthn:virtualAuthenticators: true}&#10;Session ID: 3ceb6cad5cae96021ca6b8471c6935a1" type="org.openqa.selenium.NoSuchElementException"><![CDATA[org.openqa.selenium.NoSuchElementException: 
no such element: Unable to locate element: {"method":"css selector","selector":"#email"}
  (Session info: chrome=107.0.5304.87)
For documentation on this error, please visit: https://selenium.dev/exceptions/#no_such_element
Build info: version: '4.4.0', revision: 'e5c75ed026a'
System info: host: 'SAKIF', ip: '192.168.1.213', os.name: 'Windows 11', os.arch: 'amd64', os.version: '10.0', java.version: '17.0.4.1'
Driver info: org.openqa.selenium.chrome.ChromeDriver
Command: [3ceb6cad5cae96021ca6b8471c6935a1, findElement {using=id, value=email}]
Capabilities {acceptInsecureCerts: false, browserName: chrome, browserVersion: 107.0.5304.87, chrome: {chromedriverVersion: 107.0.5304.62 (1eec40d3a576..., userDataDir: C:\Users\arnob\AppData\Loca...}, goog:chromeOptions: {debuggerAddress: localhost:60706}, networkConnectionEnabled: false, pageLoadStrategy: normal, platformName: WINDOWS, proxy: Proxy(), se:cdp: ws://localhost:60706/devtoo..., se:cdpVersion: 107.0.5304.87, setWindowRect: true, strictFileInteractability: false, timeouts: {implicit: 0, pageLoad: 300000, script: 30000}, unhandledPromptBehavior: dismiss and notify, webauthn:extension:credBlob: true, webauthn:extension:largeBlob: true, webauthn:virtualAuthenticators: true}
Session ID: 3ceb6cad5cae96021ca6b8471c6935a1
	at java.base/jdk.internal.reflect.NativeConstructorAccessorImpl.newInstance0(Native Method)
	at java.base/jdk.internal.reflect.NativeConstructorAccessorImpl.newInstance(NativeConstructorAccessorImpl.java:77)
	at java.base/jdk.internal.reflect.DelegatingConstructorAccessorImpl.newInstance(DelegatingConstructorAccessorImpl.java:45)
	at java.base/java.lang.reflect.Constructor.newInstanceWithCaller(Constructor.java:499)
	at java.base/java.lang.reflect.Constructor.newInstance(Constructor.java:480)
	at org.openqa.selenium.remote.codec.w3c.W3CHttpResponseCodec.createException(W3CHttpResponseCodec.java:200)
	at org.openqa.selenium.remote.codec.w3c.W3CHttpResponseCodec.decode(W3CHttpResponseCodec.java:133)
	at org.openqa.selenium.remote.codec.w3c.W3CHttpResponseCodec.decode(W3CHttpResponseCodec.java:53)
	at org.openqa.selenium.remote.HttpCommandExecutor.execute(HttpCommandExecutor.java:184)
	at org.openqa.selenium.remote.service.DriverCommandExecutor.invokeExecute(DriverCommandExecutor.java:167)
	at org.openqa.selenium.remote.service.DriverCommandExecutor.execute(DriverCommandExecutor.java:142)
	at org.openqa.selenium.remote.RemoteWebDriver.execute(RemoteWebDriver.java:547)
	at org.openqa.selenium.remote.ElementLocation$ElementFinder$2.findElement(ElementLocation.java:162)
	at org.openqa.selenium.remote.ElementLocation.findElement(ElementLocation.java:66)
	at org.openqa.selenium.remote.RemoteWebDriver.findElement(RemoteWebDriver.java:365)
	at org.openqa.selenium.remote.RemoteWebDriver.findElement(RemoteWebDriver.java:357)
	at com.Pages.LoginPage.doLogin(LoginPage.java:45)
	at Parallel.AccountPageSteps.user_has_already_logged_in_to_application(AccountPageSteps.java:28)
	at ✽.user has already logged in to application(file:///C:/Users/arnob/IdeaProjects/CucumberPOMSeries/src/test/resources/Parallel/AccountPage.feature:4)
]]></failure>
    <system-out><![CDATA[
@Skip_scenario
Scenario: Accounts section count                  # src/test/resources/Parallel/AccountPage.feature:14

Scenario Outline: Contact us scenario with different set of data                            # src/test/resources/Parallel/ContactUs.feature:16

Scenario Outline: Contact us scenario with different set of data                            # src/test/resources/Parallel/ContactUs.feature:17

Scenario: Accounts page title                       # src/test/resources/Parallel/AccountPage.feature:8

Scenario Outline: Contact us scenario with different set of data                            # src/test/resources/Parallel/ContactUs.feature:15

Scenario Outline: Contact us scenario with different set of data                            # src/test/resources/Parallel/ContactUs.feature:12

Scenario Outline: Contact us scenario with different set of data                            # src/test/resources/Parallel/ContactUs.feature:14

Scenario Outline: Contact us scenario with different set of data                            # src/test/resources/Parallel/ContactUs.feature:13

@Login @Smoke
Scenario: Forgot Password Link                       # src/test/resources/Parallel/LoginPage.feature:11

@Login @Smoke
Scenario: Login Page Title                     # src/test/resources/Parallel/LoginPage.feature:5
Browser value is: chrome
Browser value is: chrome
Browser value is: chrome
Browser value is: chrome
Browser value is: chrome
Browser value is: chrome
Browser value is: chrome
Browser value is: chrome
Browser value is: chrome
Browser value is: chrome
  Given user navigate to contact us page                                                    # Parallel.ContactUsSteps.user_navigate_to_contact_us_page()
Login with: sshadman.qa@gmail.com and sakif
  Given user has already logged in to application   # Parallel.AccountPageSteps.user_has_already_logged_in_to_application(io.cucumber.datatable.DataTable)
    | username              | password |
    | sshadman.qa@gmail.com | sakif    |
      org.openqa.selenium.NoSuchElementException: no such element: Unable to locate element: {"method":"css selector","selector":"#email"}
  (Session info: chrome=107.0.5304.87)
For documentation on this error, please visit: https://selenium.dev/exceptions/#no_such_element
Build info: version: '4.4.0', revision: 'e5c75ed026a'
System info: host: 'SAKIF', ip: '192.168.1.213', os.name: 'Windows 11', os.arch: 'amd64', os.version: '10.0', java.version: '17.0.4.1'
Driver info: org.openqa.selenium.chrome.ChromeDriver
Command: [3ceb6cad5cae96021ca6b8471c6935a1, findElement {using=id, value=email}]
Capabilities {acceptInsecureCerts: false, browserName: chrome, browserVersion: 107.0.5304.87, chrome: {chromedriverVersion: 107.0.5304.62 (1eec40d3a576..., userDataDir: C:\Users\arnob\AppData\Loca...}, goog:chromeOptions: {debuggerAddress: localhost:60706}, networkConnectionEnabled: false, pageLoadStrategy: normal, platformName: WINDOWS, proxy: Proxy(), se:cdp: ws://localhost:60706/devtoo..., se:cdpVersion: 107.0.5304.87, setWindowRect: true, strictFileInteractability: false, timeouts: {implicit: 0, pageLoad: 300000, script: 30000}, unhandledPromptBehavior: dismiss and notify, webauthn:extension:credBlob: true, webauthn:extension:largeBlob: true, webauthn:virtualAuthenticators: true}
Session ID: 3ceb6cad5cae96021ca6b8471c6935a1
	at java.base/jdk.internal.reflect.NativeConstructorAccessorImpl.newInstance0(Native Method)
	at java.base/jdk.internal.reflect.NativeConstructorAccessorImpl.newInstance(NativeConstructorAccessorImpl.java:77)
	at java.base/jdk.internal.reflect.DelegatingConstructorAccessorImpl.newInstance(DelegatingConstructorAccessorImpl.java:45)
	at java.base/java.lang.reflect.Constructor.newInstanceWithCaller(Constructor.java:499)
	at java.base/java.lang.reflect.Constructor.newInstance(Constructor.java:480)
	at org.openqa.selenium.remote.codec.w3c.W3CHttpResponseCodec.createException(W3CHttpResponseCodec.java:200)
	at org.openqa.selenium.remote.codec.w3c.W3CHttpResponseCodec.decode(W3CHttpResponseCodec.java:133)
	at org.openqa.selenium.remote.codec.w3c.W3CHttpResponseCodec.decode(W3CHttpResponseCodec.java:53)
	at org.openqa.selenium.remote.HttpCommandExecutor.execute(HttpCommandExecutor.java:184)
	at org.openqa.selenium.remote.service.DriverCommandExecutor.invokeExecute(DriverCommandExecutor.java:167)
	at org.openqa.selenium.remote.service.DriverCommandExecutor.execute(DriverCommandExecutor.java:142)
	at org.openqa.selenium.remote.RemoteWebDriver.execute(RemoteWebDriver.java:547)
	at org.openqa.selenium.remote.ElementLocation$ElementFinder$2.findElement(ElementLocation.java:162)
	at org.openqa.selenium.remote.ElementLocation.findElement(ElementLocation.java:66)
	at org.openqa.selenium.remote.RemoteWebDriver.findElement(RemoteWebDriver.java:365)
	at org.openqa.selenium.remote.RemoteWebDriver.findElement(RemoteWebDriver.java:357)
	at com.Pages.LoginPage.doLogin(LoginPage.java:45)
	at Parallel.AccountPageSteps.user_has_already_logged_in_to_application(AccountPageSteps.java:28)
	at âœ½.user has already logged in to application(file:///C:/Users/arnob/IdeaProjects/CucumberPOMSeries/src/test/resources/Parallel/AccountPage.feature:4)

  Given user is on Account page                     # Parallel.AccountPageSteps.user_is_on_account_page()
  When user gets the title of the page              # Parallel.LoginPageSteps.user_gets_the_title_of_the_page()
  Then page title should be "My account - My Store" # Parallel.LoginPageSteps.page_title_should_be(java.lang.String)

    Embedding Accounts_page_title [image/png 25369 bytes]

]]></system-out>
    <system-err><![CDATA[SLF4J: Failed to load class "org.slf4j.impl.StaticLoggerBinder".
SLF4J: Defaulting to no-operation (NOP) logger implementation
SLF4J: See http://www.slf4j.org/codes.html#StaticLoggerBinder for further details.
ERROR StatusLogger Log4j2 could not find a logging implementation. Please add log4j-core to the classpath. Using SimpleLogger to log to the console...
Starting ChromeDriver 107.0.5304.62 (1eec40d3a5764881c92085aaee66d25075c159aa-refs/branch-heads/5304@{#942}) on port 56974
Only local connections are allowed.
Please see httpsS:t/arti/ncgh ChrroommeDerdirvievre r1.chr0o7mi.u0m..53o04r.g6/2s e(1ceuerci4ty0-cd3a5on7s6i4d8er8a1ticon9s2 f0or85aae e6s6du2g5g0e7s5tci1o5n9sa ao-nr ekfese/pbirnag Chrnochm-ehDeriaverd ssa/5f3e04@{#942}.) o
n port 52176
Only local connections are allowed.
Please see https://chromedriver.chromium.org/security-considerations for suggestions on keeping ChromeDriver safe.
ChromeDriver was started successfully.
ChromeDriver was started successfully.
Starting ChromeDriver 107.0.5304.62 (1eec40d3a5764881c92085aaee66d25075c159aa-refs/branch-heads/5304@{#942}) on port 54439
Only local connections are allowed.
Please see https://chromedriver.chromium.org/security-considerations for suggestions on keeping ChromeDriver safe.
Starting ChromeDriver 107.0.5304.62 (1eec40d3a5764881c92085aaee66d25075c159aa-refs/branch-heads/5304@{#942}) on port 54586
Only local connections are allowed.
Please see https://chromedriver.chromium.org/security-considerations for suggestions on keeping ChrComherDormievDerri vsearf ew.a
s started successfully.
Starting ChromeDriver 107.0.5304.62 (1eec40d3a5764881c92085aaee66d25075c159aa-refs/branch-heads/5304@{#942}) on port 63542
Only local connections are allowed.
Please see https://chromedriver.chromium.org/security-considerations for suggestions on keeping ChromeDriver safe.
ChromeDriver was started successfully.
Starting ChromeDriver 107.0.5304.62 (1eec40d3a5764881c92085aaee66d25075c159aa-refs/branch-heads/5304@{#942}) on port 54537
Only local connections are allowed.
Please see https://chromedriver.chromium.org/security-considerations for suggestions on keeping ChromeDriver safe.
ChromeDriver was started successfully.
ChromeDriver was started successfully.
Starting ChromeDriver 107.0.5304.62 (1eec40d3a5764881c92085aaee66d25075c159aa-refs/branch-heads/5304@{#942}) on port 63784
Only local connections are allowed.
Please see https://chromedriver.chromium.org/security-considerations for suggestions on keeping ChromeDriver safe.
CShtraormteiDnrgi vCherro mweaDsr isvtearr t1e0d7 .s0u.c5c3e0s4s.f6u2l l(y1.eec
40d3a5764881c92085aaee66d25075c159aa-refs/branch-heads/5304@{#942}) on port 54257
Only local connections are allowed.
Please see https://chromedriver.chromium.org/security-considerations for suggestions on keeping ChromeDriver safe.
Starting ChromeDriver 107.0.5304.62 (1eec40d3a5764881c92085aaee66d25075c159aa-refs/branch-heads/5304@{#942}) on port 64128
Only local connections are allowed.
Please see https://chromedriver.chromium.org/security-considerations for suggestions on keeping ChromeDriver safe.
ChromeDriver was started successfully.
ChromeDriver was started successfully.
Starting ChromeDriver 107.0.5304.62 (1eec40d3a5764881c92085aaee66d25075c159aa-refs/branch-heads/5304@{#942}) on port 52220
Only local connections are allowed.
Please see https://chromedriver.chromium.org/security-considerations for suggestions on keeping ChromeDriver safe.
ChromeDriver was started successfully.
Nov 01, 2022 9:51:43 AM org.openqa.selenium.remote.ProtocolHandshake createSession
INFO: Detected upstream dialect: W3C
Nov 01, 2022 9:51:43 AM org.openqa.selenium.remote.ProtocolHandshake createSession
INFO: Detected upstream dialect: W3C
Nov 01, 2022 9:51:43 AM org.openqa.selenium.devtools.CdpVersionFinder findNearestMatch
WARNING: Unable to find an exact match for CDP version 107, so returning the closest version found: 104
Nov 01, 2022 9:51:43 AM org.openqa.selenium.devtools.CdpVersionFinder findNearestMatch
WARNING: Unable to find an exact match for CDP version 107, so returning the closest version found: 104
Nov 01, 2022 9:51:43 AM org.openqa.selenium.devtools.CdpVersionFinder findNearestMatch
INFO: Found CDP implementation for version 107 of 104
Nov 01, 2022 9:51:43 AM org.openqa.selenium.devtools.CdpVersionFinder findNearestMatch
INFO: Found CDP implementation for version 107 of 104
Nov 01, 2022 9:51:43 AM org.openqa.selenium.remote.ProtocolHandshake createSession
INFO: Detected upstream dialect: W3C
Nov 01, 2022 9:51:43 AM org.openqa.selenium.remote.ProtocolHandshake createSession
INFO: Detected upstream dialect: W3C
Nov 01, 2022 9:51:43 AM org.openqa.selenium.devtools.CdpVersionFinder findNearestMatch
WARNING: Unable to find an exact match for CDP version 107, so returning the closest version found: 104
Nov 01, 2022 9:51:43 AM org.openqa.selenium.devtools.CdpVersionFinder findNearestMatch
INFO: Found CDP implementation for version 107 of 104
Nov 01, 2022 9:51:43 AM org.openqa.selenium.remote.ProtocolHandshake createSession
INFO: Detected upstream dialect: W3C
Nov 01, 2022 9:51:43 AM org.openqa.selenium.devtools.CdpVersionFinder findNearestMatch
WARNING: Unable to find an exact match for CDP version 107, so returning the closest version found: 104
Nov 01, 2022 9:51:43 AM org.openqa.selenium.devtools.CdpVersionFinder findNearestMatch
INFO: Found CDP implementation for version 107 of 104
Nov 01, 2022 9:51:43 AM org.openqa.selenium.devtools.CdpVersionFinder findNearestMatch
WARNING: Unable to find an exact match for CDP version 107, so returning the closest version found: 104
Nov 01, 2022 9:51:43 AM org.openqa.selenium.devtools.CdpVersionFinder findNearestMatch
INFO: Found CDP implementation for version 107 of 104
Nov 01, 2022 9:51:44 AM org.openqa.selenium.remote.ProtocolHandshake createSession
INFO: Detected upstream dialect: W3C
Nov 01, 2022 9:51:44 AM org.openqa.selenium.devtools.CdpVersionFinder findNearestMatch
WARNING: Unable to find an exact match for CDP version 107, so returning the closest version found: 104
Nov 01, 2022 9:51:44 AM org.openqa.selenium.devtools.CdpVersionFinder findNearestMatch
INFO: Found CDP implementation for version 107 of 104
Nov 01, 2022 9:51:44 AM org.openqa.selenium.remote.ProtocolHandshake createSession
INFO: Detected upstream dialect: W3C
Nov 01, 2022 9:51:44 AM org.openqa.selenium.devtools.CdpVersionFinder findNearestMatch
WARNING: Unable to find an exact match for CDP version 107, so returning the closest version found: 104
Nov 01, 2022 9:51:44 AM org.openqa.selenium.devtools.CdpVersionFinder findNearestMatch
INFO: Found CDP implementation for version 107 of 104
Nov 01, 2022 9:51:44 AM org.openqa.selenium.remote.ProtocolHandshake createSession
INFO: Detected upstream dialect: W3C
Nov 01, 2022 9:51:44 AM org.openqa.selenium.devtools.CdpVersionFinder findNearestMatch
WARNING: Unable to find an exact match for CDP version 107, so returning the closest version found: 104
Nov 01, 2022 9:51:44 AM org.openqa.selenium.devtools.CdpVersionFinder findNearestMatch
INFO: Found CDP implementation for version 107 of 104
Nov 01, 2022 9:51:44 AM org.openqa.selenium.remote.ProtocolHandshake createSession
INFO: Detected upstream dialect: W3C
Nov 01, 2022 9:51:44 AM org.openqa.selenium.remote.ProtocolHandshake createSession
INFO: Detected upstream dialect: W3C
Nov 01, 2022 9:51:44 AM org.openqa.selenium.devtools.CdpVersionFinder findNearestMatch
WARNING: Unable to find an exact match for CDP version 107, so returning the closest version found: 104
Nov 01, 2022 9:51:44 AM org.openqa.selenium.devtools.CdpVersionFinder findNearestMatch
WARNING: Unable to find an exact match for CDP version 107, so returning the closest version found: 104
Nov 01, 2022 9:51:44 AM org.openqa.selenium.devtools.CdpVersionFinder findNearestMatch
INFO: Found CDP implementation for version 107 of 104
Nov 01, 2022 9:51:44 AM org.openqa.selenium.devtools.CdpVersionFinder findNearestMatch
INFO: Found CDP implementation for version 107 of 104
]]></system-err>
  </testcase>
  <testcase name="runScenario[&quot;Contact us scenario with different set of data&quot;, &quot;Contact Us Feature&quot;](2)" classname="Parallel.ParallelRun" time="0.902">
    <failure message="no such element: Unable to locate element: {&quot;method&quot;:&quot;css selector&quot;,&quot;selector&quot;:&quot;#id_contact&quot;}&#10;  (Session info: chrome=107.0.5304.87)&#10;For documentation on this error, please visit: https://selenium.dev/exceptions/#no_such_element&#10;Build info: version: &apos;4.4.0&apos;, revision: &apos;e5c75ed026a&apos;&#10;System info: host: &apos;SAKIF&apos;, ip: &apos;192.168.1.213&apos;, os.name: &apos;Windows 11&apos;, os.arch: &apos;amd64&apos;, os.version: &apos;10.0&apos;, java.version: &apos;17.0.4.1&apos;&#10;Driver info: org.openqa.selenium.chrome.ChromeDriver&#10;Command: [8298430b78bc9f4b8116176ee58a677b, findElement {using=id, value=id_contact}]&#10;Capabilities {acceptInsecureCerts: false, browserName: chrome, browserVersion: 107.0.5304.87, chrome: {chromedriverVersion: 107.0.5304.62 (1eec40d3a576..., userDataDir: C:\Users\arnob\AppData\Loca...}, goog:chromeOptions: {debuggerAddress: localhost:60691}, networkConnectionEnabled: false, pageLoadStrategy: normal, platformName: WINDOWS, proxy: Proxy(), se:cdp: ws://localhost:60691/devtoo..., se:cdpVersion: 107.0.5304.87, setWindowRect: true, strictFileInteractability: false, timeouts: {implicit: 0, pageLoad: 300000, script: 30000}, unhandledPromptBehavior: dismiss and notify, webauthn:extension:credBlob: true, webauthn:extension:largeBlob: true, webauthn:virtualAuthenticators: true}&#10;Session ID: 8298430b78bc9f4b8116176ee58a677b" type="org.openqa.selenium.NoSuchElementException"><![CDATA[org.openqa.selenium.NoSuchElementException: 
no such element: Unable to locate element: {"method":"css selector","selector":"#id_contact"}
  (Session info: chrome=107.0.5304.87)
For documentation on this error, please visit: https://selenium.dev/exceptions/#no_such_element
Build info: version: '4.4.0', revision: 'e5c75ed026a'
System info: host: 'SAKIF', ip: '192.168.1.213', os.name: 'Windows 11', os.arch: 'amd64', os.version: '10.0', java.version: '17.0.4.1'
Driver info: org.openqa.selenium.chrome.ChromeDriver
Command: [8298430b78bc9f4b8116176ee58a677b, findElement {using=id, value=id_contact}]
Capabilities {acceptInsecureCerts: false, browserName: chrome, browserVersion: 107.0.5304.87, chrome: {chromedriverVersion: 107.0.5304.62 (1eec40d3a576..., userDataDir: C:\Users\arnob\AppData\Loca...}, goog:chromeOptions: {debuggerAddress: localhost:60691}, networkConnectionEnabled: false, pageLoadStrategy: normal, platformName: WINDOWS, proxy: Proxy(), se:cdp: ws://localhost:60691/devtoo..., se:cdpVersion: 107.0.5304.87, setWindowRect: true, strictFileInteractability: false, timeouts: {implicit: 0, pageLoad: 300000, script: 30000}, unhandledPromptBehavior: dismiss and notify, webauthn:extension:credBlob: true, webauthn:extension:largeBlob: true, webauthn:virtualAuthenticators: true}
Session ID: 8298430b78bc9f4b8116176ee58a677b
	at java.base/jdk.internal.reflect.NativeConstructorAccessorImpl.newInstance0(Native Method)
	at java.base/jdk.internal.reflect.NativeConstructorAccessorImpl.newInstance(NativeConstructorAccessorImpl.java:77)
	at java.base/jdk.internal.reflect.DelegatingConstructorAccessorImpl.newInstance(DelegatingConstructorAccessorImpl.java:45)
	at java.base/java.lang.reflect.Constructor.newInstanceWithCaller(Constructor.java:499)
	at java.base/java.lang.reflect.Constructor.newInstance(Constructor.java:480)
	at org.openqa.selenium.remote.codec.w3c.W3CHttpResponseCodec.createException(W3CHttpResponseCodec.java:200)
	at org.openqa.selenium.remote.codec.w3c.W3CHttpResponseCodec.decode(W3CHttpResponseCodec.java:133)
	at org.openqa.selenium.remote.codec.w3c.W3CHttpResponseCodec.decode(W3CHttpResponseCodec.java:53)
	at org.openqa.selenium.remote.HttpCommandExecutor.execute(HttpCommandExecutor.java:184)
	at org.openqa.selenium.remote.service.DriverCommandExecutor.invokeExecute(DriverCommandExecutor.java:167)
	at org.openqa.selenium.remote.service.DriverCommandExecutor.execute(DriverCommandExecutor.java:142)
	at org.openqa.selenium.remote.RemoteWebDriver.execute(RemoteWebDriver.java:547)
	at org.openqa.selenium.remote.ElementLocation$ElementFinder$2.findElement(ElementLocation.java:162)
	at org.openqa.selenium.remote.ElementLocation.findElement(ElementLocation.java:66)
	at org.openqa.selenium.remote.RemoteWebDriver.findElement(RemoteWebDriver.java:365)
	at org.openqa.selenium.remote.RemoteWebDriver.findElement(RemoteWebDriver.java:357)
	at com.Pages.ContactUsPage.fillContactUsFrom(ContactUsPage.java:26)
	at Parallel.ContactUsSteps.user_fills_the_form_from_given_sheetName_and_rowNumber(ContactUsSteps.java:39)
	at ✽.user fills the form from given sheetName "contactus" and rowNumber 2(file:///C:/Users/arnob/IdeaProjects/CucumberPOMSeries/src/test/resources/Parallel/ContactUs.feature:6)
]]></failure>
    <system-out><![CDATA[
@Login @Regression @Skip_scenario
Scenario: Login With Correct Credentials            # src/test/resources/Parallel/LoginPage.feature:16
Browser value is: chrome
  When user fills the form from given sheetName "contactus" and rowNumber 2                 # Parallel.ContactUsSteps.user_fills_the_form_from_given_sheetName_and_rowNumber(java.lang.String,java.lang.Integer)
      org.openqa.selenium.NoSuchElementException: no such element: Unable to locate element: {"method":"css selector","selector":"#id_contact"}
  (Session info: chrome=107.0.5304.87)
For documentation on this error, please visit: https://selenium.dev/exceptions/#no_such_element
Build info: version: '4.4.0', revision: 'e5c75ed026a'
System info: host: 'SAKIF', ip: '192.168.1.213', os.name: 'Windows 11', os.arch: 'amd64', os.version: '10.0', java.version: '17.0.4.1'
Driver info: org.openqa.selenium.chrome.ChromeDriver
Command: [8298430b78bc9f4b8116176ee58a677b, findElement {using=id, value=id_contact}]
Capabilities {acceptInsecureCerts: false, browserName: chrome, browserVersion: 107.0.5304.87, chrome: {chromedriverVersion: 107.0.5304.62 (1eec40d3a576..., userDataDir: C:\Users\arnob\AppData\Loca...}, goog:chromeOptions: {debuggerAddress: localhost:60691}, networkConnectionEnabled: false, pageLoadStrategy: normal, platformName: WINDOWS, proxy: Proxy(), se:cdp: ws://localhost:60691/devtoo..., se:cdpVersion: 107.0.5304.87, setWindowRect: true, strictFileInteractability: false, timeouts: {implicit: 0, pageLoad: 300000, script: 30000}, unhandledPromptBehavior: dismiss and notify, webauthn:extension:credBlob: true, webauthn:extension:largeBlob: true, webauthn:virtualAuthenticators: true}
Session ID: 8298430b78bc9f4b8116176ee58a677b
	at java.base/jdk.internal.reflect.NativeConstructorAccessorImpl.newInstance0(Native Method)
	at java.base/jdk.internal.reflect.NativeConstructorAccessorImpl.newInstance(NativeConstructorAccessorImpl.java:77)
	at java.base/jdk.internal.reflect.DelegatingConstructorAccessorImpl.newInstance(DelegatingConstructorAccessorImpl.java:45)
	at java.base/java.lang.reflect.Constructor.newInstanceWithCaller(Constructor.java:499)
	at java.base/java.lang.reflect.Constructor.newInstance(Constructor.java:480)
	at org.openqa.selenium.remote.codec.w3c.W3CHttpResponseCodec.createException(W3CHttpResponseCodec.java:200)
	at org.openqa.selenium.remote.codec.w3c.W3CHttpResponseCodec.decode(W3CHttpResponseCodec.java:133)
	at org.openqa.selenium.remote.codec.w3c.W3CHttpResponseCodec.decode(W3CHttpResponseCodec.java:53)
	at org.openqa.selenium.remote.HttpCommandExecutor.execute(HttpCommandExecutor.java:184)
	at org.openqa.selenium.remote.service.DriverCommandExecutor.invokeExecute(DriverCommandExecutor.java:167)
	at org.openqa.selenium.remote.service.DriverCommandExecutor.execute(DriverCommandExecutor.java:142)
	at org.openqa.selenium.remote.RemoteWebDriver.execute(RemoteWebDriver.java:547)
	at org.openqa.selenium.remote.ElementLocation$ElementFinder$2.findElement(ElementLocation.java:162)
	at org.openqa.selenium.remote.ElementLocation.findElement(ElementLocation.java:66)
	at org.openqa.selenium.remote.RemoteWebDriver.findElement(RemoteWebDriver.java:365)
	at org.openqa.selenium.remote.RemoteWebDriver.findElement(RemoteWebDriver.java:357)
	at com.Pages.ContactUsPage.fillContactUsFrom(ContactUsPage.java:26)
	at Parallel.ContactUsSteps.user_fills_the_form_from_given_sheetName_and_rowNumber(ContactUsSteps.java:39)
	at âœ½.user fills the form from given sheetName "contactus" and rowNumber 2(file:///C:/Users/arnob/IdeaProjects/CucumberPOMSeries/src/test/resources/Parallel/ContactUs.feature:6)

  And user clicks on send button                                                            # Parallel.ContactUsSteps.user_clicks_on_send_button()
  Then it shows a successful message "Your message has been successfully sent to our team." # Parallel.ContactUsSteps.it_shows_a_successful_message(java.lang.String)

    Embedding Contact_us_scenario_with_different_set_of_data [image/png 25369 bytes]

]]></system-out>
    <system-err><![CDATA[Starting ChromeDriver 107.0.5304.62 (1eec40d3a5764881c92085aaee66d25075c159aa-refs/branch-heads/5304@{#942}) on port 56146
Only local connections are allowed.
Please see https://chromedriver.chromium.org/security-considerations for suggestions on keeping ChromeDriver safe.
ChromeDriver was started successfully.
Nov 01, 2022 9:51:47 AM org.openqa.selenium.remote.ProtocolHandshake createSession
INFO: Detected upstream dialect: W3C
]]></system-err>
  </testcase>
  <testcase name="runScenario[&quot;Login With Correct Credentials&quot;, &quot;Login Page Feature&quot;](3)" classname="Parallel.ParallelRun" time="1.539">
    <failure message="no such element: Unable to locate element: {&quot;method&quot;:&quot;css selector&quot;,&quot;selector&quot;:&quot;#email&quot;}&#10;  (Session info: chrome=107.0.5304.87)&#10;For documentation on this error, please visit: https://selenium.dev/exceptions/#no_such_element&#10;Build info: version: &apos;4.4.0&apos;, revision: &apos;e5c75ed026a&apos;&#10;System info: host: &apos;SAKIF&apos;, ip: &apos;192.168.1.213&apos;, os.name: &apos;Windows 11&apos;, os.arch: &apos;amd64&apos;, os.version: &apos;10.0&apos;, java.version: &apos;17.0.4.1&apos;&#10;Driver info: org.openqa.selenium.chrome.ChromeDriver&#10;Command: [6640c6e1d6655f1b3f577f3329b458e2, findElement {using=id, value=email}]&#10;Capabilities {acceptInsecureCerts: false, browserName: chrome, browserVersion: 107.0.5304.87, chrome: {chromedriverVersion: 107.0.5304.62 (1eec40d3a576..., userDataDir: C:\Users\arnob\AppData\Loca...}, goog:chromeOptions: {debuggerAddress: localhost:60846}, networkConnectionEnabled: false, pageLoadStrategy: normal, platformName: WINDOWS, proxy: Proxy(), se:cdp: ws://localhost:60846/devtoo..., se:cdpVersion: 107.0.5304.87, setWindowRect: true, strictFileInteractability: false, timeouts: {implicit: 0, pageLoad: 300000, script: 30000}, unhandledPromptBehavior: dismiss and notify, webauthn:extension:credBlob: true, webauthn:extension:largeBlob: true, webauthn:virtualAuthenticators: true}&#10;Session ID: 6640c6e1d6655f1b3f577f3329b458e2" type="org.openqa.selenium.NoSuchElementException"><![CDATA[org.openqa.selenium.NoSuchElementException: 
no such element: Unable to locate element: {"method":"css selector","selector":"#email"}
  (Session info: chrome=107.0.5304.87)
For documentation on this error, please visit: https://selenium.dev/exceptions/#no_such_element
Build info: version: '4.4.0', revision: 'e5c75ed026a'
System info: host: 'SAKIF', ip: '192.168.1.213', os.name: 'Windows 11', os.arch: 'amd64', os.version: '10.0', java.version: '17.0.4.1'
Driver info: org.openqa.selenium.chrome.ChromeDriver
Command: [6640c6e1d6655f1b3f577f3329b458e2, findElement {using=id, value=email}]
Capabilities {acceptInsecureCerts: false, browserName: chrome, browserVersion: 107.0.5304.87, chrome: {chromedriverVersion: 107.0.5304.62 (1eec40d3a576..., userDataDir: C:\Users\arnob\AppData\Loca...}, goog:chromeOptions: {debuggerAddress: localhost:60846}, networkConnectionEnabled: false, pageLoadStrategy: normal, platformName: WINDOWS, proxy: Proxy(), se:cdp: ws://localhost:60846/devtoo..., se:cdpVersion: 107.0.5304.87, setWindowRect: true, strictFileInteractability: false, timeouts: {implicit: 0, pageLoad: 300000, script: 30000}, unhandledPromptBehavior: dismiss and notify, webauthn:extension:credBlob: true, webauthn:extension:largeBlob: true, webauthn:virtualAuthenticators: true}
Session ID: 6640c6e1d6655f1b3f577f3329b458e2
	at java.base/jdk.internal.reflect.NativeConstructorAccessorImpl.newInstance0(Native Method)
	at java.base/jdk.internal.reflect.NativeConstructorAccessorImpl.newInstance(NativeConstructorAccessorImpl.java:77)
	at java.base/jdk.internal.reflect.DelegatingConstructorAccessorImpl.newInstance(DelegatingConstructorAccessorImpl.java:45)
	at java.base/java.lang.reflect.Constructor.newInstanceWithCaller(Constructor.java:499)
	at java.base/java.lang.reflect.Constructor.newInstance(Constructor.java:480)
	at org.openqa.selenium.remote.codec.w3c.W3CHttpResponseCodec.createException(W3CHttpResponseCodec.java:200)
	at org.openqa.selenium.remote.codec.w3c.W3CHttpResponseCodec.decode(W3CHttpResponseCodec.java:133)
	at org.openqa.selenium.remote.codec.w3c.W3CHttpResponseCodec.decode(W3CHttpResponseCodec.java:53)
	at org.openqa.selenium.remote.HttpCommandExecutor.execute(HttpCommandExecutor.java:184)
	at org.openqa.selenium.remote.service.DriverCommandExecutor.invokeExecute(DriverCommandExecutor.java:167)
	at org.openqa.selenium.remote.service.DriverCommandExecutor.execute(DriverCommandExecutor.java:142)
	at org.openqa.selenium.remote.RemoteWebDriver.execute(RemoteWebDriver.java:547)
	at org.openqa.selenium.remote.ElementLocation$ElementFinder$2.findElement(ElementLocation.java:162)
	at org.openqa.selenium.remote.ElementLocation.findElement(ElementLocation.java:66)
	at org.openqa.selenium.remote.RemoteWebDriver.findElement(RemoteWebDriver.java:365)
	at org.openqa.selenium.remote.RemoteWebDriver.findElement(RemoteWebDriver.java:357)
	at com.Pages.LoginPage.enterUserName(LoginPage.java:32)
	at Parallel.LoginPageSteps.user_enters_username(LoginPageSteps.java:39)
	at ✽.user enters username "sshadman.qa@gmail.com"(file:///C:/Users/arnob/IdeaProjects/CucumberPOMSeries/src/test/resources/Parallel/LoginPage.feature:18)
]]></failure>
    <system-out><![CDATA[  Given user is on login page                       # Parallel.LoginPageSteps.user_is_on_login_page()
  When user enters username "sshadman.qa@gmail.com" # Parallel.LoginPageSteps.user_enters_username(java.lang.String)
      org.openqa.selenium.NoSuchElementException: no such element: Unable to locate element: {"method":"css selector","selector":"#email"}
  (Session info: chrome=107.0.5304.87)
For documentation on this error, please visit: https://selenium.dev/exceptions/#no_such_element
Build info: version: '4.4.0', revision: 'e5c75ed026a'
System info: host: 'SAKIF', ip: '192.168.1.213', os.name: 'Windows 11', os.arch: 'amd64', os.version: '10.0', java.version: '17.0.4.1'
Driver info: org.openqa.selenium.chrome.ChromeDriver
Command: [6640c6e1d6655f1b3f577f3329b458e2, findElement {using=id, value=email}]
Capabilities {acceptInsecureCerts: false, browserName: chrome, browserVersion: 107.0.5304.87, chrome: {chromedriverVersion: 107.0.5304.62 (1eec40d3a576..., userDataDir: C:\Users\arnob\AppData\Loca...}, goog:chromeOptions: {debuggerAddress: localhost:60846}, networkConnectionEnabled: false, pageLoadStrategy: normal, platformName: WINDOWS, proxy: Proxy(), se:cdp: ws://localhost:60846/devtoo..., se:cdpVersion: 107.0.5304.87, setWindowRect: true, strictFileInteractability: false, timeouts: {implicit: 0, pageLoad: 300000, script: 30000}, unhandledPromptBehavior: dismiss and notify, webauthn:extension:credBlob: true, webauthn:extension:largeBlob: true, webauthn:virtualAuthenticators: true}
Session ID: 6640c6e1d6655f1b3f577f3329b458e2
	at java.base/jdk.internal.reflect.NativeConstructorAccessorImpl.newInstance0(Native Method)
	at java.base/jdk.internal.reflect.NativeConstructorAccessorImpl.newInstance(NativeConstructorAccessorImpl.java:77)
	at java.base/jdk.internal.reflect.DelegatingConstructorAccessorImpl.newInstance(DelegatingConstructorAccessorImpl.java:45)
	at java.base/java.lang.reflect.Constructor.newInstanceWithCaller(Constructor.java:499)
	at java.base/java.lang.reflect.Constructor.newInstance(Constructor.java:480)
	at org.openqa.selenium.remote.codec.w3c.W3CHttpResponseCodec.createException(W3CHttpResponseCodec.java:200)
	at org.openqa.selenium.remote.codec.w3c.W3CHttpResponseCodec.decode(W3CHttpResponseCodec.java:133)
	at org.openqa.selenium.remote.codec.w3c.W3CHttpResponseCodec.decode(W3CHttpResponseCodec.java:53)
	at org.openqa.selenium.remote.HttpCommandExecutor.execute(HttpCommandExecutor.java:184)
	at org.openqa.selenium.remote.service.DriverCommandExecutor.invokeExecute(DriverCommandExecutor.java:167)
	at org.openqa.selenium.remote.service.DriverCommandExecutor.execute(DriverCommandExecutor.java:142)
	at org.openqa.selenium.remote.RemoteWebDriver.execute(RemoteWebDriver.java:547)
	at org.openqa.selenium.remote.ElementLocation$ElementFinder$2.findElement(ElementLocation.java:162)
	at org.openqa.selenium.remote.ElementLocation.findElement(ElementLocation.java:66)
	at org.openqa.selenium.remote.RemoteWebDriver.findElement(RemoteWebDriver.java:365)
	at org.openqa.selenium.remote.RemoteWebDriver.findElement(RemoteWebDriver.java:357)
	at com.Pages.LoginPage.enterUserName(LoginPage.java:32)
	at Parallel.LoginPageSteps.user_enters_username(LoginPageSteps.java:39)
	at âœ½.user enters username "sshadman.qa@gmail.com"(file:///C:/Users/arnob/IdeaProjects/CucumberPOMSeries/src/test/resources/Parallel/LoginPage.feature:18)

  And user enters password "sakif"                  # Parallel.LoginPageSteps.user_enters_password(java.lang.String)
  And user clicks on login button                   # Parallel.LoginPageSteps.user_clicks_on_login_button()
  Then user gets the title of the page              # Parallel.LoginPageSteps.user_gets_the_title_of_the_page()
  And page title should be "My account - My Store"  # Parallel.LoginPageSteps.page_title_should_be(java.lang.String)

    Embedding Login_With_Correct_Credentials [image/png 25369 bytes]

]]></system-out>
    <system-err><![CDATA[Nov 01, 2022 9:51:47 AM org.openqa.selenium.devtools.CdpVersionFinder findNearestMatch
WARNING: Unable to find an exact match for CDP version 107, so returning the closest version found: 104
Nov 01, 2022 9:51:47 AM org.openqa.selenium.devtools.CdpVersionFinder findNearestMatch
INFO: Found CDP implementation for version 107 of 104
]]></system-err>
  </testcase>
  <testcase name="runScenario[&quot;Forgot Password Link&quot;, &quot;Login Page Feature&quot;](4)" classname="Parallel.ParallelRun" time="11.576">
    <system-out><![CDATA[Login with: sshadman.qa@gmail.com and sakif
  Given user navigate to contact us page                                                    # Parallel.ContactUsSteps.user_navigate_to_contact_us_page()
  Given user is on login page                        # Parallel.LoginPageSteps.user_is_on_login_page()
  Then forgot your password link should be displayed # Parallel.LoginPageSteps.forgot_your_password_link_should_be_displayed()
  Given user navigate to contact us page                                                    # Parallel.ContactUsSteps.user_navigate_to_contact_us_page()
  When user fills the form from given sheetName "contactus" and rowNumber 5                 # Parallel.ContactUsSteps.user_fills_the_form_from_given_sheetName_and_rowNumber(java.lang.String,java.lang.Integer)
  Given user navigate to contact us page                                                    # Parallel.ContactUsSteps.user_navigate_to_contact_us_page()
]]></system-out>
  </testcase>
  <testcase name="runScenario[&quot;Login Page Title&quot;, &quot;Login Page Feature&quot;](5)" classname="Parallel.ParallelRun" time="12.722">
    <system-out><![CDATA[  When user fills the form from given sheetName "contactus" and rowNumber 4                 # Parallel.ContactUsSteps.user_fills_the_form_from_given_sheetName_and_rowNumber(java.lang.String,java.lang.Integer)
  When user fills the form from given sheetName "contactus" and rowNumber 0                 # Parallel.ContactUsSteps.user_fills_the_form_from_given_sheetName_and_rowNumber(java.lang.String,java.lang.Integer)
  Given user is on login page                  # Parallel.LoginPageSteps.user_is_on_login_page()
Page title is: Login - My Store
  When user gets the title of the page         # Parallel.LoginPageSteps.user_gets_the_title_of_the_page()
  Then page title should be "Login - My Store" # Parallel.LoginPageSteps.page_title_should_be(java.lang.String)
  Given user navigate to contact us page                                                    # Parallel.ContactUsSteps.user_navigate_to_contact_us_page()
]]></system-out>
  </testcase>
  <testcase name="runScenario[&quot;Contact us scenario with different set of data&quot;, &quot;Contact Us Feature&quot;](6)" classname="Parallel.ParallelRun" time="22.752">
    <system-out><![CDATA[  When user fills the form from given sheetName "contactus" and rowNumber 3                 # Parallel.ContactUsSteps.user_fills_the_form_from_given_sheetName_and_rowNumber(java.lang.String,java.lang.Integer)
  Given user navigate to contact us page                                                    # Parallel.ContactUsSteps.user_navigate_to_contact_us_page()
  When user fills the form from given sheetName "contactus" and rowNumber 1                 # Parallel.ContactUsSteps.user_fills_the_form_from_given_sheetName_and_rowNumber(java.lang.String,java.lang.Integer)
  And user clicks on send button                                                            # Parallel.ContactUsSteps.user_clicks_on_send_button()
  Then it shows a successful message "Your message has been successfully sent to our team." # Parallel.ContactUsSteps.it_shows_a_successful_message(java.lang.String)
  And user clicks on send button                                                            # Parallel.ContactUsSteps.user_clicks_on_send_button()
]]></system-out>
  </testcase>
  <testcase name="runScenario[&quot;Contact us scenario with different set of data&quot;, &quot;Contact Us Feature&quot;](7)" classname="Parallel.ParallelRun" time="23.03">
    <system-out><![CDATA[  Then it shows a successful message "Your message has been successfully sent to our team." # Parallel.ContactUsSteps.it_shows_a_successful_message(java.lang.String)
]]></system-out>
  </testcase>
  <testcase name="runScenario[&quot;Contact us scenario with different set of data&quot;, &quot;Contact Us Feature&quot;](8)" classname="Parallel.ParallelRun" time="23.688">
    <system-out><![CDATA[  And user clicks on send button                                                            # Parallel.ContactUsSteps.user_clicks_on_send_button()
  Then it shows a successful message "Your message has been successfully sent to our team." # Parallel.ContactUsSteps.it_shows_a_successful_message(java.lang.String)
  And user clicks on send button                                                            # Parallel.ContactUsSteps.user_clicks_on_send_button()
  Then it shows a successful message "Your message has been successfully sent to our team." # Parallel.ContactUsSteps.it_shows_a_successful_message(java.lang.String)
]]></system-out>
  </testcase>
  <testcase name="runScenario[&quot;Contact us scenario with different set of data&quot;, &quot;Contact Us Feature&quot;](9)" classname="Parallel.ParallelRun" time="23.9"/>
  <testcase name="runScenario[&quot;Contact us scenario with different set of data&quot;, &quot;Contact Us Feature&quot;](10)" classname="Parallel.ParallelRun" time="24.431">
    <system-out><![CDATA[  And user clicks on send button                                                            # Parallel.ContactUsSteps.user_clicks_on_send_button()
  Then it shows a successful message "Your message has been successfully sent to our team." # Parallel.ContactUsSteps.it_shows_a_successful_message(java.lang.String)
]]></system-out>
  </testcase>
  <testcase name="runScenario[&quot;Accounts section count&quot;, &quot;Account Page Feature&quot;](11)" classname="Parallel.ParallelRun" time="27.693">
    <system-out><![CDATA[  Given user has already logged in to application # Parallel.AccountPageSteps.user_has_already_logged_in_to_application(io.cucumber.datatable.DataTable)
    | username              | password |
    | sshadman.qa@gmail.com | sakif    |
Account page title is: My account - My Store
  Given user is on Account page                   # Parallel.AccountPageSteps.user_is_on_account_page()
Expected account section list: [ORDER HISTORY AND DETAILS, MY CREDIT SLIPS, MY ADDRESSES, MY PERSONAL INFORMATION, MY WISHLISTS, Home]
ORDER HISTORY AND DETAILS
MY CREDIT SLIPS
MY ADDRESSES
MY PERSONAL INFORMATION
MY WISHLISTS
Home
Actual account section list: [ORDER HISTORY AND DETAILS, MY CREDIT SLIPS, MY ADDRESSES, MY PERSONAL INFORMATION, MY WISHLISTS, Home]
  Then user gets accounts section                 # Parallel.AccountPageSteps.user_gets_accounts_section(io.cucumber.datatable.DataTable)
    | ORDER HISTORY AND DETAILS |
    | MY CREDIT SLIPS           |
    | MY ADDRESSES              |
    | MY PERSONAL INFORMATION   |
    | MY WISHLISTS              |
    | Home                      |
  And accounts section count should be 6          # Parallel.AccountPageSteps.accounts_section_count_should_be(java.lang.Integer)
]]></system-out>
  </testcase>
</testsuite>